2022-10-09T05:25:42+0000 INFO --- logging initialized ---
2022-10-09T05:26:59+0000 SUBDEBUG Installed: libgcc-12.2.1-2.fc36.x86_64
2022-10-09T05:26:59+0000 SUBDEBUG Installed: tzdata-2022d-1.fc36.noarch
2022-10-09T05:27:00+0000 SUBDEBUG Installed: fedora-release-identity-basic-36-18.noarch
2022-10-09T05:27:00+0000 SUBDEBUG Installed: whois-nls-5.5.13-1.fc36.noarch
2022-10-09T05:27:00+0000 SUBDEBUG Installed: vim-data-2:9.0.475-1.fc36.noarch
2022-10-09T05:27:00+0000 SUBDEBUG Installed: pcre2-syntax-10.40-1.fc36.noarch
2022-10-09T05:27:00+0000 SUBDEBUG Installed: libreport-filesystem-2.17.4-1.fc36.noarch
2022-10-09T05:27:00+0000 SUBDEBUG Installed: dnf-data-4.14.0-1.fc36.noarch
2022-10-09T05:27:00+0000 SUBDEBUG Installed: fedora-gpg-keys-36-4.noarch
2022-10-09T05:27:00+0000 SUBDEBUG Installed: fedora-release-36-18.noarch
2022-10-09T05:27:00+0000 SUBDEBUG Installed: fedora-repos-36-4.noarch
2022-10-09T05:27:00+0000 SUBDEBUG Installed: fedora-release-common-36-18.noarch
2022-10-09T05:27:00+0000 SUBDEBUG Installed: setup-2.14.1-1.fc36.noarch
2022-10-09T05:27:00+0000 SUBDEBUG Installed: filesystem-3.18-2.fc36.x86_64
2022-10-09T05:27:00+0000 SUBDEBUG Installed: basesystem-11-13.fc36.noarch
2022-10-09T05:27:00+0000 SUBDEBUG Installed: coreutils-common-9.0-8.fc36.x86_64
2022-10-09T05:27:00+0000 SUBDEBUG Installed: xkeyboard-config-2.35.1-1.fc36.noarch
2022-10-09T05:27:01+0000 SUBDEBUG Installed: python-setuptools-wheel-59.6.0-2.fc36.noarch
2022-10-09T05:27:01+0000 SUBDEBUG Installed: publicsuffix-list-dafsa-20210518-4.fc36.noarch
2022-10-09T05:27:01+0000 SUBDEBUG Installed: ncurses-base-6.2-9.20210508.fc36.noarch
2022-10-09T05:27:01+0000 SUBDEBUG Installed: ncurses-libs-6.2-9.20210508.fc36.x86_64
2022-10-09T05:27:01+0000 SUBDEBUG Installed: bash-5.1.16-3.fc36.x86_64
2022-10-09T05:27:01+0000 SUBDEBUG Installed: glibc-common-2.35-17.fc36.x86_64
2022-10-09T05:27:01+0000 SUBDEBUG Installed: glibc-gconv-extra-2.35-17.fc36.x86_64
2022-10-09T05:27:01+0000 SUBDEBUG Installed: glibc-minimal-langpack-2.35-17.fc36.x86_64
2022-10-09T05:27:01+0000 SUBDEBUG Installed: glibc-2.35-17.fc36.x86_64
2022-10-09T05:27:01+0000 SUBDEBUG Installed: zlib-1.2.11-33.fc36.x86_64
2022-10-09T05:27:01+0000 SUBDEBUG Installed: xz-libs-5.2.5-9.fc36.x86_64
2022-10-09T05:27:01+0000 SUBDEBUG Installed: libzstd-1.5.2-2.fc36.x86_64
2022-10-09T05:27:01+0000 SUBDEBUG Installed: bzip2-libs-1.0.8-11.fc36.x86_64
2022-10-09T05:27:01+0000 SUBDEBUG Installed: libcap-2.48-4.fc36.x86_64
2022-10-09T05:27:01+0000 SUBDEBUG Installed: libxcrypt-4.4.28-1.fc36.x86_64
2022-10-09T05:27:01+0000 SUBDEBUG Installed: mkpasswd-5.5.13-1.fc36.x86_64
2022-10-09T05:27:01+0000 SUBDEBUG Installed: popt-1.18-7.fc36.x86_64
2022-10-09T05:27:01+0000 SUBDEBUG Installed: sqlite-libs-3.36.0-5.fc36.x86_64
2022-10-09T05:27:01+0000 SUBDEBUG Installed: libstdc++-12.2.1-2.fc36.x86_64
2022-10-09T05:27:01+0000 SUBDEBUG Installed: libxml2-2.9.14-1.fc36.x86_64
2022-10-09T05:27:02+0000 SUBDEBUG Installed: elfutils-libelf-0.187-4.fc36.x86_64
2022-10-09T05:27:02+0000 SUBDEBUG Installed: libgpg-error-1.45-1.fc36.x86_64
2022-10-09T05:27:02+0000 SUBDEBUG Installed: libuuid-2.38-1.fc36.x86_64
2022-10-09T05:27:02+0000 SUBDEBUG Installed: expat-2.4.9-1.fc36.x86_64
2022-10-09T05:27:02+0000 SUBDEBUG Installed: libgcrypt-1.10.1-3.fc36.x86_64
2022-10-09T05:27:02+0000 SUBDEBUG Installed: gmp-1:6.2.1-2.fc36.x86_64
2022-10-09T05:27:02+0000 SUBDEBUG Installed: libunistring-1.0-1.fc36.x86_64
2022-10-09T05:27:02+0000 SUBDEBUG Installed: libidn2-2.3.3-1.fc36.x86_64
2022-10-09T05:27:02+0000 SUBDEBUG Installed: readline-8.1-6.fc36.x86_64
2022-10-09T05:27:02+0000 SUBDEBUG Installed: lua-libs-5.4.4-3.fc36.x86_64
2022-10-09T05:27:02+0000 SUBDEBUG Installed: libassuan-2.5.5-4.fc36.x86_64
2022-10-09T05:27:02+0000 SUBDEBUG Installed: file-libs-5.41-4.fc36.x86_64
2022-10-09T05:27:02+0000 SUBDEBUG Installed: libsmartcols-2.38-1.fc36.x86_64
2022-10-09T05:27:02+0000 SUBDEBUG Installed: json-c-0.15-3.fc36.x86_64
2022-10-09T05:27:02+0000 SUBDEBUG Installed: libattr-2.5.1-4.fc36.x86_64
2022-10-09T05:27:02+0000 SUBDEBUG Installed: libacl-2.3.1-3.fc36.x86_64
2022-10-09T05:27:02+0000 SUBDEBUG Installed: libcom_err-1.46.5-2.fc36.x86_64
2022-10-09T05:27:02+0000 SUBDEBUG Installed: libffi-3.4.2-8.fc36.x86_64
2022-10-09T05:27:02+0000 SUBDEBUG Installed: p11-kit-0.24.1-2.fc36.x86_64
2022-10-09T05:27:02+0000 SUBDEBUG Installed: libnghttp2-1.46.0-2.fc36.x86_64
2022-10-09T05:27:02+0000 SUBDEBUG Installed: lz4-libs-1.9.3-4.fc36.x86_64
2022-10-09T05:27:02+0000 SUBDEBUG Installed: systemd-libs-250.8-1.fc36.x86_64
2022-10-09T05:27:02+0000 SUBDEBUG Installed: libcap-ng-0.8.3-1.fc36.x86_64
2022-10-09T05:27:02+0000 SUBDEBUG Installed: audit-libs-3.0.9-1.fc36.x86_64
2022-10-09T05:27:02+0000 SUBDEBUG Installed: libksba-1.6.0-3.fc36.x86_64
2022-10-09T05:27:02+0000 SUBDEBUG Installed: alternatives-1.19-2.fc36.x86_64
2022-10-09T05:27:02+0000 SUBDEBUG Installed: gdbm-libs-1:1.22-2.fc36.x86_64
2022-10-09T05:27:02+0000 SUBDEBUG Installed: keyutils-libs-1.6.1-4.fc36.x86_64
2022-10-09T05:27:02+0000 SUBDEBUG Installed: libeconf-0.4.0-3.fc36.x86_64
2022-10-09T05:27:02+0000 SUBDEBUG Installed: pam-libs-1.5.2-13.fc36.x86_64
2022-10-09T05:27:02+0000 SUBDEBUG Installed: libsepol-3.3-3.fc36.x86_64
2022-10-09T05:27:02+0000 SUBDEBUG Installed: libtasn1-4.18.0-2.fc36.x86_64
2022-10-09T05:27:02+0000 SUBDEBUG Installed: p11-kit-trust-0.24.1-2.fc36.x86_64
2022-10-09T05:27:02+0000 SUBDEBUG Installed: npth-1.6-8.fc36.x86_64
2022-10-09T05:27:02+0000 SUBDEBUG Installed: pcre-8.45-1.fc36.1.x86_64
2022-10-09T05:27:02+0000 SUBDEBUG Installed: grep-3.7-2.fc36.x86_64
2022-10-09T05:27:02+0000 SUBDEBUG Installed: libgomp-12.2.1-2.fc36.x86_64
2022-10-09T05:27:02+0000 SUBDEBUG Installed: pcre2-10.40-1.fc36.x86_64
2022-10-09T05:27:02+0000 SUBDEBUG Installed: libselinux-3.3-4.fc36.x86_64
2022-10-09T05:27:02+0000 SUBDEBUG Installed: sed-4.8-10.fc36.x86_64
2022-10-09T05:27:02+0000 SUBDEBUG Installed: findutils-1:4.9.0-1.fc36.x86_64
2022-10-09T05:27:02+0000 SUBDEBUG Installed: protobuf-c-1.4.1-2.fc36.x86_64
2022-10-09T05:27:02+0000 SUBDEBUG Installed: grub2-common-1:2.06-53.fc36.noarch
2022-10-09T05:27:02+0000 SUBDEBUG Installed: libsemanage-3.3-3.fc36.x86_64
2022-10-09T05:27:02+0000 SUBDEBUG Installed: shadow-utils-2:4.11.1-4.fc36.x86_64
2022-10-09T05:27:03+0000 SUBDEBUG Installed: libutempter-1.2.1-6.fc36.x86_64
2022-10-09T05:27:03+0000 SUBDEBUG Installed: xz-5.2.5-9.fc36.x86_64
2022-10-09T05:27:03+0000 SUBDEBUG Installed: dbus-libs-1:1.14.0-1.fc36.x86_64
2022-10-09T05:27:03+0000 SUBDEBUG Installed: libusb1-1.0.25-8.fc36.x86_64
2022-10-09T05:27:03+0000 SUBDEBUG Installed: procps-ng-3.3.17-4.fc36.x86_64
2022-10-09T05:27:03+0000 SUBDEBUG Installed: gettext-libs-0.21-9.fc36.x86_64
2022-10-09T05:27:03+0000 SUBDEBUG Installed: gettext-0.21-9.fc36.x86_64
2022-10-09T05:27:03+0000 SUBDEBUG Installed: file-5.41-4.fc36.x86_64
2022-10-09T05:27:03+0000 SUBDEBUG Installed: libpsl-0.21.1-5.fc36.x86_64
2022-10-09T05:27:03+0000 SUBDEBUG Installed: mpfr-4.1.0-9.fc36.x86_64
2022-10-09T05:27:03+0000 SUBDEBUG Installed: nettle-3.8-1.fc36.x86_64
2022-10-09T05:27:03+0000 SUBDEBUG Installed: libcomps-0.1.18-2.fc36.x86_64
2022-10-09T05:27:03+0000 SUBDEBUG Installed: libbpf-2:0.7.0-3.fc36.x86_64
2022-10-09T05:27:03+0000 SUBDEBUG Installed: libxkbcommon-1.4.0-1.fc36.x86_64
2022-10-09T05:27:03+0000 SUBDEBUG Installed: mpdecimal-2.5.1-3.fc36.x86_64
2022-10-09T05:27:03+0000 SUBDEBUG Installed: libicu-69.1-6.fc36.x86_64
2022-10-09T05:27:03+0000 SUBDEBUG Installed: mozjs91-91.13.0-1.fc36.x86_64
2022-10-09T05:27:03+0000 SUBDEBUG Installed: libxcrypt-compat-4.4.28-1.fc36.x86_64
2022-10-09T05:27:03+0000 SUBDEBUG Installed: pigz-2.7-1.fc36.x86_64
2022-10-09T05:27:03+0000 SUBDEBUG Installed: cpio-2.13-12.fc36.x86_64
2022-10-09T05:27:03+0000 SUBDEBUG Installed: diffutils-3.8-2.fc36.x86_64
2022-10-09T05:27:03+0000 SUBDEBUG Installed: fuse-libs-2.9.9-14.fc36.x86_64
2022-10-09T05:27:03+0000 SUBDEBUG Installed: libbrotli-1.0.9-7.fc36.x86_64
2022-10-09T05:27:03+0000 SUBDEBUG Installed: libcbor-0.7.0-5.fc36.x86_64
2022-10-09T05:27:03+0000 SUBDEBUG Installed: libdb-5.3.28-51.fc36.x86_64
2022-10-09T05:27:04+0000 SUBDEBUG Installed: libseccomp-2.5.3-2.fc36.x86_64
2022-10-09T05:27:04+0000 SUBDEBUG Installed: libsigsegv-2.14-2.fc36.x86_64
2022-10-09T05:27:04+0000 SUBDEBUG Installed: libverto-0.3.2-3.fc36.x86_64
2022-10-09T05:27:04+0000 SUBDEBUG Installed: libyaml-0.2.5-7.fc36.x86_64
2022-10-09T05:27:04+0000 SUBDEBUG Installed: memstrack-0.2.4-2.fc36.x86_64
2022-10-09T05:27:04+0000 SUBDEBUG Installed: qrencode-libs-4.1.1-2.fc36.x86_64
2022-10-09T05:27:04+0000 SUBDEBUG Installed: libargon2-20171227-9.fc36.x86_64
2022-10-09T05:27:04+0000 SUBDEBUG Installed: pcsc-lite-libs-1.9.8-1.fc36.x86_64
2022-10-09T05:27:04+0000 SUBDEBUG Installed: dbus-common-1:1.14.0-1.fc36.noarch
2022-10-09T05:27:04+0000 SUBDEBUG Installed: dbus-broker-32-1.fc36.x86_64
2022-10-09T05:27:04+0000 SUBDEBUG Installed: dbus-1:1.14.0-1.fc36.x86_64
2022-10-09T05:27:04+0000 SUBDEBUG Installed: libssh-config-0.9.6-4.fc36.noarch
2022-10-09T05:27:04+0000 SUBDEBUG Installed: kbd-misc-2.4.0-9.fc36.noarch
2022-10-09T05:27:04+0000 SUBDEBUG Installed: kbd-2.4.0-9.fc36.x86_64
2022-10-09T05:27:04+0000 SUBDEBUG Installed: gawk-all-langpacks-5.1.1-2.fc36.x86_64
2022-10-09T05:27:04+0000 SUBDEBUG Installed: gawk-5.1.1-2.fc36.x86_64
2022-10-09T05:27:05+0000 SUBDEBUG Installed: python-pip-wheel-21.3.1-3.fc36.noarch
2022-10-09T05:27:05+0000 SUBDEBUG Installed: python-unversioned-command-3.10.7-1.fc36.noarch
2022-10-09T05:27:05+0000 SUBDEBUG Installed: python3-libs-3.10.7-1.fc36.x86_64
2022-10-09T05:27:06+0000 SUBDEBUG Installed: python3-3.10.7-1.fc36.x86_64
2022-10-09T05:27:06+0000 SUBDEBUG Installed: libevent-2.1.12-6.fc36.x86_64
2022-10-09T05:27:06+0000 SUBDEBUG Installed: cyrus-sasl-lib-2.1.27-18.fc36.x86_64
2022-10-09T05:27:06+0000 SUBDEBUG Installed: grubby-8.40-67.fc36.x86_64
2022-10-09T05:27:07+0000 SUBDEBUG Installed: openldap-2.6.3-1.fc36.x86_64
2022-10-09T05:27:07+0000 SUBDEBUG Installed: libssh-0.9.6-4.fc36.x86_64
2022-10-09T05:27:07+0000 SUBDEBUG Installed: libkcapi-1.4.0-2.fc36.x86_64
2022-10-09T05:27:07+0000 SUBDEBUG Installed: libkcapi-hmaccalc-1.4.0-2.fc36.x86_64
2022-10-09T05:27:07+0000 SUBDEBUG Installed: krb5-libs-1.19.2-11.fc36.x86_64
2022-10-09T05:27:07+0000 SUBDEBUG Installed: libtirpc-1.3.3-0.fc36.x86_64
2022-10-09T05:27:07+0000 SUBDEBUG Installed: libnsl2-2.0.0-3.fc36.x86_64
2022-10-09T05:27:07+0000 SUBDEBUG Installed: crypto-policies-scripts-20220428-1.gitdfb10ea.fc36.noarch
2022-10-09T05:27:07+0000 SUBDEBUG Installed: crypto-policies-20220428-1.gitdfb10ea.fc36.noarch
2022-10-09T05:27:07+0000 SUBDEBUG Installed: cracklib-dicts-2.9.6-28.fc36.x86_64
2022-10-09T05:27:07+0000 SUBDEBUG Installed: cracklib-2.9.6-28.fc36.x86_64
2022-10-09T05:27:07+0000 SUBDEBUG Installed: gzip-1.11-3.fc36.x86_64
2022-10-09T05:27:07+0000 SUBDEBUG Installed: tpm2-tools-5.2-2.fc36.x86_64
2022-10-09T05:27:07+0000 SUBDEBUG Installed: libcurl-7.82.0-8.fc36.x86_64
2022-10-09T05:27:07+0000 SUBDEBUG Installed: curl-7.82.0-8.fc36.x86_64
2022-10-09T05:27:07+0000 SUBDEBUG Installed: kpartx-0.8.7-8.fc36.x86_64
2022-10-09T05:27:07+0000 SUBDEBUG Installed: grub2-tools-minimal-1:2.06-53.fc36.x86_64
2022-10-09T05:27:07+0000 SUBDEBUG Installed: device-mapper-1.02.175-7.fc36.x86_64
2022-10-09T05:27:07+0000 SUBDEBUG Installed: device-mapper-libs-1.02.175-7.fc36.x86_64
2022-10-09T05:27:07+0000 SUBDEBUG Installed: authselect-1.4.0-1.fc36.x86_64
2022-10-09T05:27:07+0000 SUBDEBUG Installed: elfutils-debuginfod-client-0.187-4.fc36.x86_64
2022-10-09T05:27:07+0000 SUBDEBUG Installed: elfutils-default-yama-scope-0.187-4.fc36.noarch
2022-10-09T05:27:07+0000 SUBDEBUG Installed: elfutils-libs-0.187-4.fc36.x86_64
2022-10-09T05:27:07+0000 SUBDEBUG Installed: openssl-pkcs11-0.4.12-2.fc36.x86_64
2022-10-09T05:27:07+0000 SUBDEBUG Installed: kmod-29-7.fc36.x86_64
2022-10-09T05:27:07+0000 SUBDEBUG Installed: kmod-libs-29-7.fc36.x86_64
2022-10-09T05:27:07+0000 SUBDEBUG Installed: libfido2-1.10.0-3.fc36.x86_64
2022-10-09T05:27:07+0000 SUBDEBUG Installed: libfdisk-2.38-1.fc36.x86_64
2022-10-09T05:27:07+0000 SUBDEBUG Installed: libmount-2.38-1.fc36.x86_64
2022-10-09T05:27:07+0000 SUBDEBUG Installed: util-linux-core-2.38-1.fc36.x86_64
2022-10-09T05:27:08+0000 INFO /var/tmp/rpm-tmp.JEJ2EQ: line 2: ln: command not found

2022-10-09T05:27:08+0000 SUBDEBUG Installed: coreutils-9.0-8.fc36.x86_64
2022-10-09T05:27:08+0000 SUBDEBUG Installed: libblkid-2.38-1.fc36.x86_64
2022-10-09T05:27:08+0000 SUBDEBUG Installed: ca-certificates-2022.2.54-1.2.fc36.noarch
2022-10-09T05:27:09+0000 SUBDEBUG Installed: openssl-libs-1:3.0.5-1.fc36.x86_64
2022-10-09T05:27:09+0000 SUBDEBUG Installed: tpm2-tss-3.2.0-3.fc36.x86_64
2022-10-09T05:27:09+0000 SUBDEBUG Installed: cryptsetup-libs-2.4.3-2.fc36.x86_64
2022-10-09T05:27:09+0000 SUBDEBUG Installed: libarchive-3.5.3-3.fc36.x86_64
2022-10-09T05:27:09+0000 SUBDEBUG Installed: rpm-libs-4.17.1-3.fc36.x86_64
2022-10-09T05:27:09+0000 SUBDEBUG Installed: rpm-4.17.1-3.fc36.x86_64
2022-10-09T05:27:09+0000 SUBDEBUG Installed: libpwquality-1.4.4-7.fc36.x86_64
2022-10-09T05:27:10+0000 SUBDEBUG Installed: pam-1.5.2-13.fc36.x86_64
2022-10-09T05:27:10+0000 SUBDEBUG Installed: os-prober-1.77-9.fc36.x86_64
2022-10-09T05:27:10+0000 SUBDEBUG Installed: authselect-libs-1.4.0-1.fc36.x86_64
2022-10-09T05:27:10+0000 SUBDEBUG Installed: util-linux-2.38-1.fc36.x86_64
2022-10-09T05:27:10+0000 SUBDEBUG Installed: systemd-networkd-250.8-1.fc36.x86_64
2022-10-09T05:27:10+0000 SUBDEBUG Installed: systemd-pam-250.8-1.fc36.x86_64
2022-10-09T05:27:10+0000 SUBDEBUG Installed: systemd-resolved-250.8-1.fc36.x86_64
2022-10-09T05:27:10+0000 SUBDEBUG Installed: systemd-250.8-1.fc36.x86_64
2022-10-09T05:27:11+0000 INFO Creating group 'input' with GID 104.
Creating group 'kvm' with GID 36.
Creating group 'render' with GID 105.
Creating group 'sgx' with GID 106.
Creating group 'systemd-journal' with GID 190.
Creating group 'systemd-network' with GID 192.
Creating user 'systemd-network' (systemd Network Management) with UID 192 and GID 192.
Creating group 'systemd-oom' with GID 999.
Creating user 'systemd-oom' (systemd Userspace OOM Killer) with UID 999 and GID 999.
Creating group 'systemd-resolve' with GID 193.
Creating user 'systemd-resolve' (systemd Resolver) with UID 193 and GID 193.

2022-10-09T05:27:11+0000 SUBDEBUG Installed: systemd-udev-250.8-1.fc36.x86_64
2022-10-09T05:27:12+0000 INFO Created symlink /etc/systemd/system/sysinit.target.wants/systemd-boot-update.service → /usr/lib/systemd/system/systemd-boot-update.service.

2022-10-09T05:27:12+0000 SUBDEBUG Installed: dracut-057-3.fc36.x86_64
2022-10-09T05:27:12+0000 SUBDEBUG Installed: grub2-tools-1:2.06-53.fc36.x86_64
2022-10-09T05:27:12+0000 SUBDEBUG Installed: ima-evm-utils-1.4-5.fc36.x86_64
2022-10-09T05:27:12+0000 SUBDEBUG Installed: libfsverity-1.4-7.fc36.x86_64
2022-10-09T05:27:12+0000 SUBDEBUG Installed: zchunk-libs-1.2.3-1.fc36.x86_64
2022-10-09T05:27:12+0000 SUBDEBUG Installed: libsolv-0.7.22-1.fc36.x86_64
2022-10-09T05:27:12+0000 SUBDEBUG Installed: gnutls-3.7.7-1.fc36.x86_64
2022-10-09T05:27:12+0000 SUBDEBUG Installed: glib2-2.72.3-1.fc36.x86_64
2022-10-09T05:27:12+0000 SUBDEBUG Installed: polkit-libs-0.120-5.fc36.x86_64
2022-10-09T05:27:12+0000 SUBDEBUG Installed: polkit-0.120-5.fc36.x86_64
2022-10-09T05:27:12+0000 SUBDEBUG Installed: polkit-pkla-compat-0.1-21.fc36.x86_64
2022-10-09T05:27:12+0000 SUBDEBUG Installed: libmodulemd-2.14.0-2.fc36.x86_64
2022-10-09T05:27:12+0000 SUBDEBUG Installed: pcsc-lite-ccid-1.5.0-1.fc36.x86_64
2022-10-09T05:27:13+0000 SUBDEBUG Installed: pcsc-lite-1.9.8-1.fc36.x86_64
2022-10-09T05:27:13+0000 INFO Created symlink /etc/systemd/system/sockets.target.wants/pcscd.socket → /usr/lib/systemd/system/pcscd.socket.

2022-10-09T05:27:13+0000 SUBDEBUG Installed: libsecret-0.20.5-1.fc36.x86_64
2022-10-09T05:27:13+0000 SUBDEBUG Installed: pinentry-1.2.0-2.fc36.x86_64
2022-10-09T05:27:13+0000 SUBDEBUG Installed: gnupg2-smime-2.3.7-3.fc36.x86_64
2022-10-09T05:27:13+0000 SUBDEBUG Installed: gnupg2-2.3.7-3.fc36.x86_64
2022-10-09T05:27:13+0000 SUBDEBUG Installed: gpgme-1.17.0-4.fc36.x86_64
2022-10-09T05:27:13+0000 SUBDEBUG Installed: librepo-1.14.4-1.fc36.x86_64
2022-10-09T05:27:13+0000 SUBDEBUG Installed: libdnf-0.68.0-1.fc36.x86_64
2022-10-09T05:27:13+0000 SUBDEBUG Installed: python3-libdnf-0.68.0-1.fc36.x86_64
2022-10-09T05:27:13+0000 SUBDEBUG Installed: python3-hawkey-0.68.0-1.fc36.x86_64
2022-10-09T05:27:13+0000 SUBDEBUG Installed: python3-gpg-1.17.0-4.fc36.x86_64
2022-10-09T05:27:13+0000 SUBDEBUG Installed: rpm-sign-libs-4.17.1-3.fc36.x86_64
2022-10-09T05:27:13+0000 SUBDEBUG Installed: libuser-0.63-10.fc36.x86_64
2022-10-09T05:27:13+0000 SUBDEBUG Installed: deltarpm-3.6.2-11.fc36.x86_64
2022-10-09T05:27:13+0000 SUBDEBUG Installed: rpm-build-libs-4.17.1-3.fc36.x86_64
2022-10-09T05:27:13+0000 SUBDEBUG Installed: python3-rpm-4.17.1-3.fc36.x86_64
2022-10-09T05:27:13+0000 SUBDEBUG Installed: rpm-plugin-systemd-inhibit-4.17.1-3.fc36.x86_64
2022-10-09T05:27:13+0000 SUBDEBUG Installed: unbound-anchor-1.16.3-1.fc36.x86_64
2022-10-09T05:27:13+0000 INFO Created symlink /etc/systemd/system/timers.target.wants/unbound-anchor.timer → /usr/lib/systemd/system/unbound-anchor.timer.

2022-10-09T05:27:13+0000 SUBDEBUG Installed: unbound-libs-1.16.3-1.fc36.x86_64
2022-10-09T05:27:13+0000 SUBDEBUG Installed: python3-unbound-1.16.3-1.fc36.x86_64
2022-10-09T05:27:14+0000 SUBDEBUG Installed: python3-libcomps-0.1.18-2.fc36.x86_64
2022-10-09T05:27:14+0000 SUBDEBUG Installed: python3-dnf-4.14.0-1.fc36.noarch
2022-10-09T05:27:14+0000 SUBDEBUG Installed: dnf-4.14.0-1.fc36.noarch
2022-10-09T05:27:14+0000 INFO Created symlink /etc/systemd/system/timers.target.wants/dnf-makecache.timer → /usr/lib/systemd/system/dnf-makecache.timer.

2022-10-09T05:27:14+0000 SUBDEBUG Installed: passwd-0.80-12.fc36.x86_64
2022-10-09T05:27:14+0000 SUBDEBUG Installed: vim-minimal-2:9.0.475-1.fc36.x86_64
2022-10-09T05:27:14+0000 SUBDEBUG Installed: rootfiles-8.1-31.fc36.noarch
2022-10-09T05:27:16+0000 INFO '/etc/resolv.conf' -> '../run/systemd/resolve/stub-resolv.conf'

2022-10-09T05:27:16+0000 INFO Creating group 'systemd-coredump' with GID 996.
Creating user 'systemd-coredump' (systemd Core Dumper) with UID 996 and GID 996.
Creating group 'systemd-timesync' with GID 995.
Creating user 'systemd-timesync' (systemd Time Synchronization) with UID 995 and GID 995.

