2022-10-09T05:25:42+0000 INFO Librepo version: 1.14.4 with CURL_GLOBAL_ACK_EINTR support (libcurl/7.82.0 OpenSSL/3.0.5 zlib/1.2.11 brotli/1.0.9 libidn2/2.3.3 libpsl/0.21.1 (+libidn2/2.3.2) libssh/0.9.6/openssl/zlib nghttp2/1.46.0 OpenLDAP/2.6.2)
2022-10-09T05:25:42+0000 INFO Downloading: https://mirrors.fedoraproject.org/metalink?repo=fedora-36&arch=x86_64&countme=1
2022-10-09T05:25:42+0000 INFO Downloading: http://fedora.mirror.constant.com/fedora/linux/releases/36/Everything/x86_64/os/repodata/repomd.xml
2022-10-09T05:25:42+0000 INFO Downloading: http://fedora.mirror.constant.com/fedora/linux/releases/36/Everything/x86_64/os/repodata/ee7a06b9e5d46ba5a75382845cd0d99e3859e34a65dac6b47a5b59e31cb50b93-primary.xml.zck
2022-10-09T05:25:42+0000 INFO Downloading: http://fedora.mirror.constant.com/fedora/linux/releases/36/Everything/x86_64/os/repodata/8af7b6ece82ec5bcb91ec0669770651a4282df42aa2016d6a3bbb9afbd776fb1-filelists.xml.zck
2022-10-09T05:25:42+0000 INFO Downloading: http://fedora.mirror.constant.com/fedora/linux/releases/36/Everything/x86_64/os/repodata/9d9accce1cdea0059488a3829f7425801eee44df8ace6cfdd9c3bc85af181af7-comps-Everything.x86_64.xml
2022-10-09T05:25:44+0000 INFO Downloading: http://fedora.mirror.constant.com/fedora/linux/releases/36/Everything/x86_64/os/repodata/ee7a06b9e5d46ba5a75382845cd0d99e3859e34a65dac6b47a5b59e31cb50b93-primary.xml.zck
2022-10-09T05:25:44+0000 INFO Downloading: http://fedora.mirror.constant.com/fedora/linux/releases/36/Everything/x86_64/os/repodata/8af7b6ece82ec5bcb91ec0669770651a4282df42aa2016d6a3bbb9afbd776fb1-filelists.xml.zck
2022-10-09T05:26:06+0000 INFO Downloading: https://mirrors.fedoraproject.org/metalink?repo=fedora-cisco-openh264-36&arch=x86_64
2022-10-09T05:26:06+0000 INFO Downloading: https://codecs.fedoraproject.org/openh264/36/x86_64/os/repodata/repomd.xml
2022-10-09T05:26:07+0000 INFO Downloading: https://codecs.fedoraproject.org/openh264/36/x86_64/os/repodata/f5d622dc802c51319c02c1219a803f4bd7c75f0eec4b21cec3740a3ad2746d3b-primary.xml.gz
2022-10-09T05:26:07+0000 INFO Downloading: https://codecs.fedoraproject.org/openh264/36/x86_64/os/repodata/50b8731be86f52396e4290f3b575fd0f2eeb70520efe9e8f2f4d8b2bc163fa5b-filelists.xml.gz
2022-10-09T05:26:07+0000 INFO Downloading: https://codecs.fedoraproject.org/openh264/36/x86_64/os/repodata/3d50825fb25440abc9579f078205d6ba3590b1d146187af8179eb43214c8b40e-comps-Temporary.x86_64.xml.gz
2022-10-09T05:26:07+0000 INFO Downloading: https://mirrors.fedoraproject.org/metalink?repo=fedora-modular-36&arch=x86_64&countme=1
2022-10-09T05:26:07+0000 INFO Downloading: http://fedora.mirror.constant.com/fedora/linux/releases/36/Modular/x86_64/os/repodata/repomd.xml
2022-10-09T05:26:07+0000 INFO Downloading: http://fedora.mirror.constant.com/fedora/linux/releases/36/Modular/x86_64/os/repodata/2954f0a69966420976ca154f576d7cc0155d9acb8033769a7de2e4db2384be96-primary.xml.zck
2022-10-09T05:26:07+0000 INFO Downloading: http://fedora.mirror.constant.com/fedora/linux/releases/36/Modular/x86_64/os/repodata/245267076c58c3daa24d7613aa8f732f13128df865e796b3eec3ced4869742f9-filelists.xml.zck
2022-10-09T05:26:07+0000 INFO Downloading: http://fedora.mirror.constant.com/fedora/linux/releases/36/Modular/x86_64/os/repodata/df203c90b5e87cf5f7e2f7f32a9f8070d556acca5606a4fce8094045f73e3000-comps-Modular.x86_64.xml
2022-10-09T05:26:08+0000 INFO Downloading: http://fedora.mirror.constant.com/fedora/linux/releases/36/Modular/x86_64/os/repodata/2954f0a69966420976ca154f576d7cc0155d9acb8033769a7de2e4db2384be96-primary.xml.zck
2022-10-09T05:26:08+0000 INFO Downloading: http://fedora.mirror.constant.com/fedora/linux/releases/36/Modular/x86_64/os/repodata/245267076c58c3daa24d7613aa8f732f13128df865e796b3eec3ced4869742f9-filelists.xml.zck
2022-10-09T05:26:08+0000 INFO Downloading: http://fedora.mirror.constant.com/fedora/linux/releases/36/Modular/x86_64/os/repodata/6e8cc5cdb728071b394aac0d3bb53a31c8a2d24770789c023533440c6e71f339-modules.yaml.gz
2022-10-09T05:26:10+0000 INFO Downloading: https://mirrors.fedoraproject.org/metalink?repo=updates-released-f36&arch=x86_64
2022-10-09T05:26:10+0000 INFO Downloading: http://fedora.mirror.constant.com/fedora/linux/updates/36/Everything/x86_64/repodata/repomd.xml
2022-10-09T05:26:11+0000 INFO Downloading: http://fedora.mirror.constant.com/fedora/linux/updates/36/Everything/x86_64/repodata/7cf110319156d584e90b881d0cad40474ea676039c470722464ea23a35000328-primary.xml.zck
2022-10-09T05:26:11+0000 INFO Downloading: http://fedora.mirror.constant.com/fedora/linux/updates/36/Everything/x86_64/repodata/9c1a8f9f1d43a63df47f6b8380e4867e1bd98a86d30915739c0d13bd139ab717-filelists.xml.zck
2022-10-09T05:26:11+0000 INFO Downloading: http://fedora.mirror.constant.com/fedora/linux/updates/36/Everything/x86_64/repodata/b9424467bf5df62ca3e6ee91e2900b2a9986717515771e0ea200dea65aa72074-comps-Everything.x86_64.xml.gz
2022-10-09T05:26:12+0000 INFO Downloading: http://fedora.mirror.constant.com/fedora/linux/updates/36/Everything/x86_64/repodata/7cf110319156d584e90b881d0cad40474ea676039c470722464ea23a35000328-primary.xml.zck
2022-10-09T05:26:12+0000 INFO Downloading: http://fedora.mirror.constant.com/fedora/linux/updates/36/Everything/x86_64/repodata/9c1a8f9f1d43a63df47f6b8380e4867e1bd98a86d30915739c0d13bd139ab717-filelists.xml.zck
2022-10-09T05:26:12+0000 INFO Downloading: http://fedora.mirror.constant.com/fedora/linux/updates/36/Everything/x86_64/repodata/ed4135972251fe0ae5472a078957700fd9524f5f098df871a7f2e389bafd2565-prestodelta.xml.zck
2022-10-09T05:26:12+0000 INFO Downloading: http://fedora.mirror.constant.com/fedora/linux/updates/36/Everything/x86_64/repodata/920590bdc654434e8980ed3c7dafee6af99188ce43cd7fd1429d9259b9723f25-updateinfo.xml.zck
2022-10-09T05:26:12+0000 INFO Downloading: http://fedora.mirror.constant.com/fedora/linux/updates/36/Everything/x86_64/repodata/920590bdc654434e8980ed3c7dafee6af99188ce43cd7fd1429d9259b9723f25-updateinfo.xml.zck
2022-10-09T05:26:22+0000 INFO Downloading: https://mirrors.fedoraproject.org/metalink?repo=updates-released-modular-f36&arch=x86_64
2022-10-09T05:26:23+0000 INFO Downloading: http://fedora.mirror.constant.com/fedora/linux/updates/36/Modular/x86_64/repodata/repomd.xml
2022-10-09T05:26:23+0000 INFO Downloading: http://fedora.mirror.constant.com/fedora/linux/updates/36/Modular/x86_64/repodata/0844611a1dd01e36489986937b19cc483fcf2625c46fa611bb8205db71fce718-primary.xml.zck
2022-10-09T05:26:23+0000 INFO Downloading: http://fedora.mirror.constant.com/fedora/linux/updates/36/Modular/x86_64/repodata/f9f5defe37ef023d9d5281b6d9a13bccf1f82b130d1bc407ca1e81734f9adac3-filelists.xml.zck
2022-10-09T05:26:23+0000 INFO Downloading: http://fedora.mirror.constant.com/fedora/linux/updates/36/Modular/x86_64/repodata/27fe4c80808c30635b9846c186956c81812d2e8c883a428b8e48fbf8ed83c982-modules.yaml.gz
2022-10-09T05:26:24+0000 INFO Downloading: http://fedora.mirror.constant.com/fedora/linux/updates/36/Modular/x86_64/repodata/0844611a1dd01e36489986937b19cc483fcf2625c46fa611bb8205db71fce718-primary.xml.zck
2022-10-09T05:26:24+0000 INFO Downloading: http://fedora.mirror.constant.com/fedora/linux/updates/36/Modular/x86_64/repodata/f9f5defe37ef023d9d5281b6d9a13bccf1f82b130d1bc407ca1e81734f9adac3-filelists.xml.zck
2022-10-09T05:26:24+0000 INFO Downloading: http://fedora.mirror.constant.com/fedora/linux/updates/36/Modular/x86_64/repodata/a370c917303fdf9cf37bf2958aabf28ace4c853d6bbf9e2782f3d5302acdc83a-updateinfo.xml.zck
2022-10-09T05:26:24+0000 INFO Downloading: http://fedora.mirror.constant.com/fedora/linux/updates/36/Modular/x86_64/repodata/a370c917303fdf9cf37bf2958aabf28ace4c853d6bbf9e2782f3d5302acdc83a-updateinfo.xml.zck
2022-10-09T05:26:26+0000 INFO Downloading: https://apprepo.vultr.com/rhel/repodata/repomd.xml
2022-10-09T05:26:26+0000 INFO Downloading: https://apprepo.vultr.com/rhel/repodata/232655b962cb6cbee22bfde343dc4d71573180ec5e075b92c49e1827e98686a9-filelists.xml.gz
2022-10-09T05:26:26+0000 INFO Downloading: https://apprepo.vultr.com/rhel/repodata/4577200ff1b7938ac3288c31e733e936f5b478162b001c35da9d120a4aaba6c2-primary.xml.gz
2022-10-09T05:26:33+0000 INFO Downloading: https://mirrors.fedoraproject.org/metalink?repo=fedora-36&arch=x86_64
2022-10-09T05:26:34+0000 INFO Downloading: https://mirrors.fedoraproject.org/metalink?repo=updates-released-f36&arch=x86_64
2022-10-09T05:26:34+0000 INFO Downloading: http://fedora.mirror.constant.com/fedora/linux/releases/36/Everything/x86_64/os/Packages/a/alternatives-1.19-2.fc36.x86_64.rpm
2022-10-09T05:26:34+0000 INFO Downloading: http://fedora.mirror.constant.com/fedora/linux/releases/36/Everything/x86_64/os/Packages/b/basesystem-11-13.fc36.noarch.rpm
2022-10-09T05:26:34+0000 INFO Downloading: http://fedora.mirror.constant.com/fedora/linux/releases/36/Everything/x86_64/os/Packages/b/bzip2-libs-1.0.8-11.fc36.x86_64.rpm
2022-10-09T05:26:34+0000 INFO Downloading: http://fedora.mirror.constant.com/fedora/linux/releases/36/Everything/x86_64/os/Packages/c/cpio-2.13-12.fc36.x86_64.rpm
2022-10-09T05:26:34+0000 INFO Downloading: http://fedora.mirror.constant.com/fedora/linux/releases/36/Everything/x86_64/os/Packages/c/cracklib-2.9.6-28.fc36.x86_64.rpm
2022-10-09T05:26:35+0000 INFO Downloading: http://fedora.mirror.constant.com/fedora/linux/releases/36/Everything/x86_64/os/Packages/c/cracklib-dicts-2.9.6-28.fc36.x86_64.rpm
2022-10-09T05:26:35+0000 INFO Downloading: http://fedora.mirror.constant.com/fedora/linux/releases/36/Everything/x86_64/os/Packages/c/cryptsetup-libs-2.4.3-2.fc36.x86_64.rpm
2022-10-09T05:26:35+0000 INFO Downloading: http://fedora.mirror.constant.com/fedora/linux/releases/36/Everything/x86_64/os/Packages/c/cyrus-sasl-lib-2.1.27-18.fc36.x86_64.rpm
2022-10-09T05:26:36+0000 INFO Downloading: http://fedora.mirror.constant.com/fedora/linux/releases/36/Everything/x86_64/os/Packages/d/dbus-1.14.0-1.fc36.x86_64.rpm
2022-10-09T05:26:36+0000 INFO Downloading: http://fedora.mirror.constant.com/fedora/linux/releases/36/Everything/x86_64/os/Packages/d/dbus-common-1.14.0-1.fc36.noarch.rpm
2022-10-09T05:26:36+0000 INFO Downloading: http://fedora.mirror.constant.com/fedora/linux/releases/36/Everything/x86_64/os/Packages/d/dbus-libs-1.14.0-1.fc36.x86_64.rpm
2022-10-09T05:26:36+0000 INFO Downloading: http://fedora.mirror.constant.com/fedora/linux/releases/36/Everything/x86_64/os/Packages/d/deltarpm-3.6.2-11.fc36.x86_64.rpm
2022-10-09T05:26:36+0000 INFO Downloading: http://fedora.mirror.constant.com/fedora/linux/releases/36/Everything/x86_64/os/Packages/d/device-mapper-1.02.175-7.fc36.x86_64.rpm
2022-10-09T05:26:36+0000 INFO Downloading: http://fedora.mirror.constant.com/fedora/linux/releases/36/Everything/x86_64/os/Packages/d/device-mapper-libs-1.02.175-7.fc36.x86_64.rpm
2022-10-09T05:26:36+0000 INFO Downloading: http://fedora.mirror.constant.com/fedora/linux/releases/36/Everything/x86_64/os/Packages/d/diffutils-3.8-2.fc36.x86_64.rpm
2022-10-09T05:26:36+0000 INFO Downloading: http://fedora.mirror.constant.com/fedora/linux/releases/36/Everything/x86_64/os/Packages/f/file-5.41-4.fc36.x86_64.rpm
2022-10-09T05:26:36+0000 INFO Downloading: http://fedora.mirror.constant.com/fedora/linux/releases/36/Everything/x86_64/os/Packages/f/file-libs-5.41-4.fc36.x86_64.rpm
2022-10-09T05:26:36+0000 INFO Downloading: http://fedora.mirror.constant.com/fedora/linux/releases/36/Everything/x86_64/os/Packages/f/findutils-4.9.0-1.fc36.x86_64.rpm
2022-10-09T05:26:36+0000 INFO Downloading: http://fedora.mirror.constant.com/fedora/linux/releases/36/Everything/x86_64/os/Packages/f/fuse-libs-2.9.9-14.fc36.x86_64.rpm
2022-10-09T05:26:37+0000 INFO Downloading: http://fedora.mirror.constant.com/fedora/linux/releases/36/Everything/x86_64/os/Packages/g/gawk-5.1.1-2.fc36.x86_64.rpm
2022-10-09T05:26:37+0000 INFO Downloading: http://fedora.mirror.constant.com/fedora/linux/releases/36/Everything/x86_64/os/Packages/g/gawk-all-langpacks-5.1.1-2.fc36.x86_64.rpm
2022-10-09T05:26:37+0000 INFO Downloading: http://fedora.mirror.constant.com/fedora/linux/releases/36/Everything/x86_64/os/Packages/g/gdbm-libs-1.22-2.fc36.x86_64.rpm
2022-10-09T05:26:37+0000 INFO Downloading: http://fedora.mirror.constant.com/fedora/linux/releases/36/Everything/x86_64/os/Packages/g/gettext-0.21-9.fc36.x86_64.rpm
2022-10-09T05:26:37+0000 INFO Downloading: http://fedora.mirror.constant.com/fedora/linux/releases/36/Everything/x86_64/os/Packages/g/gettext-libs-0.21-9.fc36.x86_64.rpm
2022-10-09T05:26:37+0000 INFO Downloading: http://fedora.mirror.constant.com/fedora/linux/releases/36/Everything/x86_64/os/Packages/g/gmp-6.2.1-2.fc36.x86_64.rpm
2022-10-09T05:26:37+0000 INFO Downloading: http://fedora.mirror.constant.com/fedora/linux/releases/36/Everything/x86_64/os/Packages/g/grep-3.7-2.fc36.x86_64.rpm
2022-10-09T05:26:38+0000 INFO Downloading: http://fedora.mirror.constant.com/fedora/linux/releases/36/Everything/x86_64/os/Packages/g/gzip-1.11-3.fc36.x86_64.rpm
2022-10-09T05:26:38+0000 INFO Downloading: http://fedora.mirror.constant.com/fedora/linux/releases/36/Everything/x86_64/os/Packages/i/ima-evm-utils-1.4-5.fc36.x86_64.rpm
2022-10-09T05:26:38+0000 INFO Downloading: http://fedora.mirror.constant.com/fedora/linux/releases/36/Everything/x86_64/os/Packages/j/json-c-0.15-3.fc36.x86_64.rpm
2022-10-09T05:26:38+0000 INFO Downloading: http://fedora.mirror.constant.com/fedora/linux/releases/36/Everything/x86_64/os/Packages/k/kbd-2.4.0-9.fc36.x86_64.rpm
2022-10-09T05:26:38+0000 INFO Downloading: http://fedora.mirror.constant.com/fedora/linux/releases/36/Everything/x86_64/os/Packages/k/kbd-misc-2.4.0-9.fc36.noarch.rpm
2022-10-09T05:26:38+0000 INFO Downloading: http://fedora.mirror.constant.com/fedora/linux/releases/36/Everything/x86_64/os/Packages/k/keyutils-libs-1.6.1-4.fc36.x86_64.rpm
2022-10-09T05:26:38+0000 INFO Downloading: http://fedora.mirror.constant.com/fedora/linux/releases/36/Everything/x86_64/os/Packages/k/kmod-29-7.fc36.x86_64.rpm
2022-10-09T05:26:38+0000 INFO Downloading: http://fedora.mirror.constant.com/fedora/linux/releases/36/Everything/x86_64/os/Packages/k/kmod-libs-29-7.fc36.x86_64.rpm
2022-10-09T05:26:38+0000 INFO Downloading: http://fedora.mirror.constant.com/fedora/linux/releases/36/Everything/x86_64/os/Packages/k/kpartx-0.8.7-8.fc36.x86_64.rpm
2022-10-09T05:26:38+0000 INFO Downloading: http://fedora.mirror.constant.com/fedora/linux/releases/36/Everything/x86_64/os/Packages/l/libacl-2.3.1-3.fc36.x86_64.rpm
2022-10-09T05:26:38+0000 INFO Downloading: http://fedora.mirror.constant.com/fedora/linux/releases/36/Everything/x86_64/os/Packages/l/libassuan-2.5.5-4.fc36.x86_64.rpm
2022-10-09T05:26:39+0000 INFO Downloading: http://fedora.mirror.constant.com/fedora/linux/releases/36/Everything/x86_64/os/Packages/l/libattr-2.5.1-4.fc36.x86_64.rpm
2022-10-09T05:26:39+0000 INFO Downloading: http://fedora.mirror.constant.com/fedora/linux/releases/36/Everything/x86_64/os/Packages/l/libbrotli-1.0.9-7.fc36.x86_64.rpm
2022-10-09T05:26:39+0000 INFO Downloading: http://fedora.mirror.constant.com/fedora/linux/releases/36/Everything/x86_64/os/Packages/l/libcap-2.48-4.fc36.x86_64.rpm
2022-10-09T05:26:39+0000 INFO Downloading: http://fedora.mirror.constant.com/fedora/linux/releases/36/Everything/x86_64/os/Packages/l/libcbor-0.7.0-5.fc36.x86_64.rpm
2022-10-09T05:26:39+0000 INFO Downloading: http://fedora.mirror.constant.com/fedora/linux/releases/36/Everything/x86_64/os/Packages/l/libcom_err-1.46.5-2.fc36.x86_64.rpm
2022-10-09T05:26:39+0000 INFO Downloading: http://fedora.mirror.constant.com/fedora/linux/releases/36/Everything/x86_64/os/Packages/l/libcomps-0.1.18-2.fc36.x86_64.rpm
2022-10-09T05:26:39+0000 INFO Downloading: http://fedora.mirror.constant.com/fedora/linux/releases/36/Everything/x86_64/os/Packages/l/libdb-5.3.28-51.fc36.x86_64.rpm
2022-10-09T05:26:39+0000 INFO Downloading: http://fedora.mirror.constant.com/fedora/linux/releases/36/Everything/x86_64/os/Packages/l/libeconf-0.4.0-3.fc36.x86_64.rpm
2022-10-09T05:26:39+0000 INFO Downloading: http://fedora.mirror.constant.com/fedora/linux/releases/36/Everything/x86_64/os/Packages/l/libevent-2.1.12-6.fc36.x86_64.rpm
2022-10-09T05:26:39+0000 INFO Downloading: http://fedora.mirror.constant.com/fedora/linux/releases/36/Everything/x86_64/os/Packages/l/libffi-3.4.2-8.fc36.x86_64.rpm
2022-10-09T05:26:39+0000 INFO Downloading: http://fedora.mirror.constant.com/fedora/linux/releases/36/Everything/x86_64/os/Packages/l/libfido2-1.10.0-3.fc36.x86_64.rpm
2022-10-09T05:26:39+0000 INFO Downloading: http://fedora.mirror.constant.com/fedora/linux/releases/36/Everything/x86_64/os/Packages/l/libfsverity-1.4-7.fc36.x86_64.rpm
2022-10-09T05:26:39+0000 INFO Downloading: http://fedora.mirror.constant.com/fedora/linux/releases/36/Everything/x86_64/os/Packages/l/libksba-1.6.0-3.fc36.x86_64.rpm
2022-10-09T05:26:39+0000 INFO Downloading: http://fedora.mirror.constant.com/fedora/linux/releases/36/Everything/x86_64/os/Packages/l/libmodulemd-2.14.0-2.fc36.x86_64.rpm
2022-10-09T05:26:39+0000 INFO Downloading: http://fedora.mirror.constant.com/fedora/linux/releases/36/Everything/x86_64/os/Packages/l/libnghttp2-1.46.0-2.fc36.x86_64.rpm
2022-10-09T05:26:40+0000 INFO Downloading: http://fedora.mirror.constant.com/fedora/linux/releases/36/Everything/x86_64/os/Packages/l/libnsl2-2.0.0-3.fc36.x86_64.rpm
2022-10-09T05:26:40+0000 INFO Downloading: http://fedora.mirror.constant.com/fedora/linux/releases/36/Everything/x86_64/os/Packages/l/libpsl-0.21.1-5.fc36.x86_64.rpm
2022-10-09T05:26:40+0000 INFO Downloading: http://fedora.mirror.constant.com/fedora/linux/releases/36/Everything/x86_64/os/Packages/l/libpwquality-1.4.4-7.fc36.x86_64.rpm
2022-10-09T05:26:40+0000 INFO Downloading: http://fedora.mirror.constant.com/fedora/linux/releases/36/Everything/x86_64/os/Packages/l/libseccomp-2.5.3-2.fc36.x86_64.rpm
2022-10-09T05:26:40+0000 INFO Downloading: http://fedora.mirror.constant.com/fedora/linux/releases/36/Everything/x86_64/os/Packages/l/libsecret-0.20.5-1.fc36.x86_64.rpm
2022-10-09T05:26:40+0000 INFO Downloading: http://fedora.mirror.constant.com/fedora/linux/releases/36/Everything/x86_64/os/Packages/l/libselinux-3.3-4.fc36.x86_64.rpm
2022-10-09T05:26:40+0000 INFO Downloading: http://fedora.mirror.constant.com/fedora/linux/releases/36/Everything/x86_64/os/Packages/l/libsemanage-3.3-3.fc36.x86_64.rpm
2022-10-09T05:26:40+0000 INFO Downloading: http://fedora.mirror.constant.com/fedora/linux/releases/36/Everything/x86_64/os/Packages/l/libsepol-3.3-3.fc36.x86_64.rpm
2022-10-09T05:26:40+0000 INFO Downloading: http://fedora.mirror.constant.com/fedora/linux/releases/36/Everything/x86_64/os/Packages/l/libsigsegv-2.14-2.fc36.x86_64.rpm
2022-10-09T05:26:40+0000 INFO Downloading: http://fedora.mirror.constant.com/fedora/linux/releases/36/Everything/x86_64/os/Packages/l/libssh-0.9.6-4.fc36.x86_64.rpm
2022-10-09T05:26:40+0000 INFO Downloading: http://fedora.mirror.constant.com/fedora/linux/releases/36/Everything/x86_64/os/Packages/l/libssh-config-0.9.6-4.fc36.noarch.rpm
2022-10-09T05:26:40+0000 INFO Downloading: http://fedora.mirror.constant.com/fedora/linux/releases/36/Everything/x86_64/os/Packages/l/libtasn1-4.18.0-2.fc36.x86_64.rpm
2022-10-09T05:26:40+0000 INFO Downloading: http://fedora.mirror.constant.com/fedora/linux/releases/36/Everything/x86_64/os/Packages/l/libunistring-1.0-1.fc36.x86_64.rpm
2022-10-09T05:26:40+0000 INFO Downloading: http://fedora.mirror.constant.com/fedora/linux/releases/36/Everything/x86_64/os/Packages/l/libusb1-1.0.25-8.fc36.x86_64.rpm
2022-10-09T05:26:41+0000 INFO Downloading: http://fedora.mirror.constant.com/fedora/linux/releases/36/Everything/x86_64/os/Packages/l/libuser-0.63-10.fc36.x86_64.rpm
2022-10-09T05:26:41+0000 INFO Downloading: http://fedora.mirror.constant.com/fedora/linux/releases/36/Everything/x86_64/os/Packages/l/libutempter-1.2.1-6.fc36.x86_64.rpm
2022-10-09T05:26:41+0000 INFO Downloading: http://fedora.mirror.constant.com/fedora/linux/releases/36/Everything/x86_64/os/Packages/l/libverto-0.3.2-3.fc36.x86_64.rpm
2022-10-09T05:26:41+0000 INFO Downloading: http://fedora.mirror.constant.com/fedora/linux/releases/36/Everything/x86_64/os/Packages/l/libxcrypt-4.4.28-1.fc36.x86_64.rpm
2022-10-09T05:26:41+0000 INFO Downloading: http://fedora.mirror.constant.com/fedora/linux/releases/36/Everything/x86_64/os/Packages/l/libxcrypt-compat-4.4.28-1.fc36.x86_64.rpm
2022-10-09T05:26:41+0000 INFO Downloading: http://fedora.mirror.constant.com/fedora/linux/releases/36/Everything/x86_64/os/Packages/l/libxkbcommon-1.4.0-1.fc36.x86_64.rpm
2022-10-09T05:26:41+0000 INFO Downloading: http://fedora.mirror.constant.com/fedora/linux/releases/36/Everything/x86_64/os/Packages/l/libyaml-0.2.5-7.fc36.x86_64.rpm
2022-10-09T05:26:41+0000 INFO Downloading: http://fedora.mirror.constant.com/fedora/linux/releases/36/Everything/x86_64/os/Packages/l/lz4-libs-1.9.3-4.fc36.x86_64.rpm
2022-10-09T05:26:41+0000 INFO Downloading: http://fedora.mirror.constant.com/fedora/linux/releases/36/Everything/x86_64/os/Packages/m/memstrack-0.2.4-2.fc36.x86_64.rpm
2022-10-09T05:26:41+0000 INFO Downloading: http://fedora.mirror.constant.com/fedora/linux/releases/36/Everything/x86_64/os/Packages/m/mpdecimal-2.5.1-3.fc36.x86_64.rpm
2022-10-09T05:26:41+0000 INFO Downloading: http://fedora.mirror.constant.com/fedora/linux/releases/36/Everything/x86_64/os/Packages/m/mpfr-4.1.0-9.fc36.x86_64.rpm
2022-10-09T05:26:41+0000 INFO Downloading: http://fedora.mirror.constant.com/fedora/linux/releases/36/Everything/x86_64/os/Packages/n/ncurses-base-6.2-9.20210508.fc36.noarch.rpm
2022-10-09T05:26:41+0000 INFO Downloading: http://fedora.mirror.constant.com/fedora/linux/releases/36/Everything/x86_64/os/Packages/n/ncurses-libs-6.2-9.20210508.fc36.x86_64.rpm
2022-10-09T05:26:42+0000 INFO Downloading: http://fedora.mirror.constant.com/fedora/linux/releases/36/Everything/x86_64/os/Packages/n/npth-1.6-8.fc36.x86_64.rpm
2022-10-09T05:26:42+0000 INFO Downloading: http://fedora.mirror.constant.com/fedora/linux/releases/36/Everything/x86_64/os/Packages/o/os-prober-1.77-9.fc36.x86_64.rpm
2022-10-09T05:26:42+0000 INFO Downloading: http://fedora.mirror.constant.com/fedora/linux/releases/36/Everything/x86_64/os/Packages/p/p11-kit-0.24.1-2.fc36.x86_64.rpm
2022-10-09T05:26:42+0000 INFO Downloading: http://fedora.mirror.constant.com/fedora/linux/releases/36/Everything/x86_64/os/Packages/p/p11-kit-trust-0.24.1-2.fc36.x86_64.rpm
2022-10-09T05:26:42+0000 INFO Downloading: http://fedora.mirror.constant.com/fedora/linux/releases/36/Everything/x86_64/os/Packages/p/passwd-0.80-12.fc36.x86_64.rpm
2022-10-09T05:26:42+0000 INFO Downloading: http://fedora.mirror.constant.com/fedora/linux/releases/36/Everything/x86_64/os/Packages/p/pcre-8.45-1.fc36.1.x86_64.rpm
2022-10-09T05:26:42+0000 INFO Downloading: http://fedora.mirror.constant.com/fedora/linux/releases/36/Everything/x86_64/os/Packages/p/pcsc-lite-ccid-1.5.0-1.fc36.x86_64.rpm
2022-10-09T05:26:42+0000 INFO Downloading: http://fedora.mirror.constant.com/fedora/linux/releases/36/Everything/x86_64/os/Packages/p/pinentry-1.2.0-2.fc36.x86_64.rpm
2022-10-09T05:26:42+0000 INFO Downloading: http://fedora.mirror.constant.com/fedora/linux/releases/36/Everything/x86_64/os/Packages/p/polkit-0.120-5.fc36.x86_64.rpm
2022-10-09T05:26:42+0000 INFO Downloading: http://fedora.mirror.constant.com/fedora/linux/releases/36/Everything/x86_64/os/Packages/p/polkit-libs-0.120-5.fc36.x86_64.rpm
2022-10-09T05:26:42+0000 INFO Downloading: http://fedora.mirror.constant.com/fedora/linux/releases/36/Everything/x86_64/os/Packages/p/polkit-pkla-compat-0.1-21.fc36.x86_64.rpm
2022-10-09T05:26:42+0000 INFO Downloading: http://fedora.mirror.constant.com/fedora/linux/releases/36/Everything/x86_64/os/Packages/p/popt-1.18-7.fc36.x86_64.rpm
2022-10-09T05:26:42+0000 INFO Downloading: http://fedora.mirror.constant.com/fedora/linux/releases/36/Everything/x86_64/os/Packages/p/procps-ng-3.3.17-4.fc36.x86_64.rpm
2022-10-09T05:26:43+0000 INFO Downloading: http://fedora.mirror.constant.com/fedora/linux/releases/36/Everything/x86_64/os/Packages/p/publicsuffix-list-dafsa-20210518-4.fc36.noarch.rpm
2022-10-09T05:26:43+0000 INFO Downloading: http://fedora.mirror.constant.com/fedora/linux/releases/36/Everything/x86_64/os/Packages/p/python-setuptools-wheel-59.6.0-2.fc36.noarch.rpm
2022-10-09T05:26:43+0000 INFO Downloading: http://fedora.mirror.constant.com/fedora/linux/releases/36/Everything/x86_64/os/Packages/p/python3-libcomps-0.1.18-2.fc36.x86_64.rpm
2022-10-09T05:26:43+0000 INFO Downloading: http://fedora.mirror.constant.com/fedora/linux/releases/36/Everything/x86_64/os/Packages/q/qrencode-libs-4.1.1-2.fc36.x86_64.rpm
2022-10-09T05:26:43+0000 INFO Downloading: http://fedora.mirror.constant.com/fedora/linux/releases/36/Everything/x86_64/os/Packages/r/readline-8.1-6.fc36.x86_64.rpm
2022-10-09T05:26:43+0000 INFO Downloading: http://fedora.mirror.constant.com/fedora/linux/releases/36/Everything/x86_64/os/Packages/r/rootfiles-8.1-31.fc36.noarch.rpm
2022-10-09T05:26:43+0000 INFO Downloading: http://fedora.mirror.constant.com/fedora/linux/releases/36/Everything/x86_64/os/Packages/s/sed-4.8-10.fc36.x86_64.rpm
2022-10-09T05:26:43+0000 INFO Downloading: http://fedora.mirror.constant.com/fedora/linux/releases/36/Everything/x86_64/os/Packages/s/sqlite-libs-3.36.0-5.fc36.x86_64.rpm
2022-10-09T05:26:43+0000 INFO Downloading: http://fedora.mirror.constant.com/fedora/linux/releases/36/Everything/x86_64/os/Packages/t/tpm2-tools-5.2-2.fc36.x86_64.rpm
2022-10-09T05:26:43+0000 INFO Downloading: http://fedora.mirror.constant.com/fedora/linux/releases/36/Everything/x86_64/os/Packages/x/xkeyboard-config-2.35.1-1.fc36.noarch.rpm
2022-10-09T05:26:43+0000 INFO Downloading: http://fedora.mirror.constant.com/fedora/linux/releases/36/Everything/x86_64/os/Packages/x/xz-5.2.5-9.fc36.x86_64.rpm
2022-10-09T05:26:44+0000 INFO Downloading: http://fedora.mirror.constant.com/fedora/linux/releases/36/Everything/x86_64/os/Packages/x/xz-libs-5.2.5-9.fc36.x86_64.rpm
2022-10-09T05:26:44+0000 INFO Downloading: http://fedora.mirror.constant.com/fedora/linux/updates/36/Everything/x86_64/Packages/a/audit-libs-3.0.9-1.fc36.x86_64.rpm
2022-10-09T05:26:44+0000 INFO Downloading: http://fedora.mirror.constant.com/fedora/linux/updates/36/Everything/x86_64/Packages/a/authselect-1.4.0-1.fc36.x86_64.rpm
2022-10-09T05:26:44+0000 INFO Downloading: http://fedora.mirror.constant.com/fedora/linux/updates/36/Everything/x86_64/Packages/a/authselect-libs-1.4.0-1.fc36.x86_64.rpm
2022-10-09T05:26:44+0000 INFO Downloading: http://fedora.mirror.constant.com/fedora/linux/updates/36/Everything/x86_64/Packages/b/bash-5.1.16-3.fc36.x86_64.rpm
2022-10-09T05:26:44+0000 INFO Downloading: http://fedora.mirror.constant.com/fedora/linux/updates/36/Everything/x86_64/Packages/c/ca-certificates-2022.2.54-1.2.fc36.noarch.rpm
2022-10-09T05:26:44+0000 INFO Downloading: http://fedora.mirror.constant.com/fedora/linux/updates/36/Everything/x86_64/Packages/c/coreutils-9.0-8.fc36.x86_64.rpm
2022-10-09T05:26:44+0000 INFO Downloading: http://fedora.mirror.constant.com/fedora/linux/updates/36/Everything/x86_64/Packages/c/coreutils-common-9.0-8.fc36.x86_64.rpm
2022-10-09T05:26:44+0000 INFO Downloading: http://fedora.mirror.constant.com/fedora/linux/updates/36/Everything/x86_64/Packages/c/crypto-policies-20220428-1.gitdfb10ea.fc36.noarch.rpm
2022-10-09T05:26:44+0000 INFO Downloading: http://fedora.mirror.constant.com/fedora/linux/updates/36/Everything/x86_64/Packages/c/crypto-policies-scripts-20220428-1.gitdfb10ea.fc36.noarch.rpm
2022-10-09T05:26:44+0000 INFO Downloading: http://fedora.mirror.constant.com/fedora/linux/updates/36/Everything/x86_64/Packages/c/curl-7.82.0-8.fc36.x86_64.rpm
2022-10-09T05:26:44+0000 INFO Downloading: http://fedora.mirror.constant.com/fedora/linux/updates/36/Everything/x86_64/Packages/d/dbus-broker-32-1.fc36.x86_64.rpm
2022-10-09T05:26:44+0000 INFO Downloading: http://fedora.mirror.constant.com/fedora/linux/updates/36/Everything/x86_64/Packages/d/dnf-4.14.0-1.fc36.noarch.rpm
2022-10-09T05:26:45+0000 INFO Downloading: http://fedora.mirror.constant.com/fedora/linux/updates/36/Everything/x86_64/Packages/d/dnf-data-4.14.0-1.fc36.noarch.rpm
2022-10-09T05:26:45+0000 INFO Downloading: http://fedora.mirror.constant.com/fedora/linux/updates/36/Everything/x86_64/Packages/d/dracut-057-3.fc36.x86_64.rpm
2022-10-09T05:26:45+0000 INFO Downloading: http://fedora.mirror.constant.com/fedora/linux/updates/36/Everything/x86_64/Packages/e/elfutils-debuginfod-client-0.187-4.fc36.x86_64.rpm
2022-10-09T05:26:45+0000 INFO Downloading: http://fedora.mirror.constant.com/fedora/linux/updates/36/Everything/x86_64/Packages/e/elfutils-default-yama-scope-0.187-4.fc36.noarch.rpm
2022-10-09T05:26:45+0000 INFO Downloading: http://fedora.mirror.constant.com/fedora/linux/updates/36/Everything/x86_64/Packages/e/elfutils-libelf-0.187-4.fc36.x86_64.rpm
2022-10-09T05:26:45+0000 INFO Downloading: http://fedora.mirror.constant.com/fedora/linux/updates/36/Everything/x86_64/Packages/e/elfutils-libs-0.187-4.fc36.x86_64.rpm
2022-10-09T05:26:45+0000 INFO Downloading: http://fedora.mirror.constant.com/fedora/linux/updates/36/Everything/x86_64/Packages/e/expat-2.4.9-1.fc36.x86_64.rpm
2022-10-09T05:26:45+0000 INFO Downloading: http://fedora.mirror.constant.com/fedora/linux/updates/36/Everything/x86_64/Packages/f/fedora-gpg-keys-36-4.noarch.rpm
2022-10-09T05:26:45+0000 INFO Downloading: http://fedora.mirror.constant.com/fedora/linux/updates/36/Everything/x86_64/Packages/f/fedora-release-36-18.noarch.rpm
2022-10-09T05:26:45+0000 INFO Downloading: http://fedora.mirror.constant.com/fedora/linux/updates/36/Everything/x86_64/Packages/f/fedora-release-common-36-18.noarch.rpm
2022-10-09T05:26:45+0000 INFO Downloading: http://fedora.mirror.constant.com/fedora/linux/updates/36/Everything/x86_64/Packages/f/fedora-release-identity-basic-36-18.noarch.rpm
2022-10-09T05:26:45+0000 INFO Downloading: http://fedora.mirror.constant.com/fedora/linux/updates/36/Everything/x86_64/Packages/f/fedora-repos-36-4.noarch.rpm
2022-10-09T05:26:45+0000 INFO Downloading: http://fedora.mirror.constant.com/fedora/linux/updates/36/Everything/x86_64/Packages/f/filesystem-3.18-2.fc36.x86_64.rpm
2022-10-09T05:26:45+0000 INFO Downloading: http://fedora.mirror.constant.com/fedora/linux/updates/36/Everything/x86_64/Packages/g/glib2-2.72.3-1.fc36.x86_64.rpm
2022-10-09T05:26:45+0000 INFO Downloading: http://fedora.mirror.constant.com/fedora/linux/updates/36/Everything/x86_64/Packages/g/glibc-2.35-17.fc36.x86_64.rpm
2022-10-09T05:26:46+0000 INFO Downloading: http://fedora.mirror.constant.com/fedora/linux/updates/36/Everything/x86_64/Packages/g/glibc-common-2.35-17.fc36.x86_64.rpm
2022-10-09T05:26:46+0000 INFO Downloading: http://fedora.mirror.constant.com/fedora/linux/updates/36/Everything/x86_64/Packages/g/glibc-gconv-extra-2.35-17.fc36.x86_64.rpm
2022-10-09T05:26:46+0000 INFO Downloading: http://fedora.mirror.constant.com/fedora/linux/updates/36/Everything/x86_64/Packages/g/glibc-minimal-langpack-2.35-17.fc36.x86_64.rpm
2022-10-09T05:26:46+0000 INFO Downloading: http://fedora.mirror.constant.com/fedora/linux/updates/36/Everything/x86_64/Packages/g/gnupg2-2.3.7-3.fc36.x86_64.rpm
2022-10-09T05:26:46+0000 INFO Downloading: http://fedora.mirror.constant.com/fedora/linux/updates/36/Everything/x86_64/Packages/g/gnupg2-smime-2.3.7-3.fc36.x86_64.rpm
2022-10-09T05:26:46+0000 INFO Downloading: http://fedora.mirror.constant.com/fedora/linux/updates/36/Everything/x86_64/Packages/g/gnutls-3.7.7-1.fc36.x86_64.rpm
2022-10-09T05:26:46+0000 INFO Downloading: http://fedora.mirror.constant.com/fedora/linux/updates/36/Everything/x86_64/Packages/g/gpgme-1.17.0-4.fc36.x86_64.rpm
2022-10-09T05:26:46+0000 INFO Downloading: http://fedora.mirror.constant.com/fedora/linux/updates/36/Everything/x86_64/Packages/g/grub2-common-2.06-53.fc36.noarch.rpm
2022-10-09T05:26:46+0000 INFO Downloading: http://fedora.mirror.constant.com/fedora/linux/updates/36/Everything/x86_64/Packages/g/grub2-tools-2.06-53.fc36.x86_64.rpm
2022-10-09T05:26:46+0000 INFO Downloading: http://fedora.mirror.constant.com/fedora/linux/updates/36/Everything/x86_64/Packages/g/grub2-tools-minimal-2.06-53.fc36.x86_64.rpm
2022-10-09T05:26:46+0000 INFO Downloading: http://fedora.mirror.constant.com/fedora/linux/updates/36/Everything/x86_64/Packages/g/grubby-8.40-67.fc36.x86_64.rpm
2022-10-09T05:26:47+0000 INFO Downloading: http://fedora.mirror.constant.com/fedora/linux/updates/36/Everything/x86_64/Packages/k/krb5-libs-1.19.2-11.fc36.x86_64.rpm
2022-10-09T05:26:47+0000 INFO Downloading: http://fedora.mirror.constant.com/fedora/linux/updates/36/Everything/x86_64/Packages/l/libarchive-3.5.3-3.fc36.x86_64.rpm
2022-10-09T05:26:47+0000 INFO Downloading: http://fedora.mirror.constant.com/fedora/linux/updates/36/Everything/x86_64/Packages/l/libargon2-20171227-9.fc36.x86_64.rpm
2022-10-09T05:26:47+0000 INFO Downloading: http://fedora.mirror.constant.com/fedora/linux/updates/36/Everything/x86_64/Packages/l/libblkid-2.38-1.fc36.x86_64.rpm
2022-10-09T05:26:47+0000 INFO Downloading: http://fedora.mirror.constant.com/fedora/linux/updates/36/Everything/x86_64/Packages/l/libbpf-0.7.0-3.fc36.x86_64.rpm
2022-10-09T05:26:47+0000 INFO Downloading: http://fedora.mirror.constant.com/fedora/linux/updates/36/Everything/x86_64/Packages/l/libcap-ng-0.8.3-1.fc36.x86_64.rpm
2022-10-09T05:26:47+0000 INFO Downloading: http://fedora.mirror.constant.com/fedora/linux/updates/36/Everything/x86_64/Packages/l/libcurl-7.82.0-8.fc36.x86_64.rpm
2022-10-09T05:26:47+0000 INFO Downloading: http://fedora.mirror.constant.com/fedora/linux/updates/36/Everything/x86_64/Packages/l/libdnf-0.68.0-1.fc36.x86_64.rpm
2022-10-09T05:26:47+0000 INFO Downloading: http://fedora.mirror.constant.com/fedora/linux/updates/36/Everything/x86_64/Packages/l/libfdisk-2.38-1.fc36.x86_64.rpm
2022-10-09T05:26:47+0000 INFO Downloading: http://fedora.mirror.constant.com/fedora/linux/updates/36/Everything/x86_64/Packages/l/libgcc-12.2.1-2.fc36.x86_64.rpm
2022-10-09T05:26:47+0000 INFO Downloading: http://fedora.mirror.constant.com/fedora/linux/updates/36/Everything/x86_64/Packages/l/libgcrypt-1.10.1-3.fc36.x86_64.rpm
2022-10-09T05:26:47+0000 INFO Downloading: http://fedora.mirror.constant.com/fedora/linux/updates/36/Everything/x86_64/Packages/l/libgomp-12.2.1-2.fc36.x86_64.rpm
2022-10-09T05:26:47+0000 INFO Downloading: http://fedora.mirror.constant.com/fedora/linux/updates/36/Everything/x86_64/Packages/l/libgpg-error-1.45-1.fc36.x86_64.rpm
2022-10-09T05:26:47+0000 INFO Downloading: http://fedora.mirror.constant.com/fedora/linux/updates/36/Everything/x86_64/Packages/l/libicu-69.1-6.fc36.x86_64.rpm
2022-10-09T05:26:47+0000 INFO Downloading: http://fedora.mirror.constant.com/fedora/linux/updates/36/Everything/x86_64/Packages/l/libidn2-2.3.3-1.fc36.x86_64.rpm
2022-10-09T05:26:48+0000 INFO Downloading: http://fedora.mirror.constant.com/fedora/linux/updates/36/Everything/x86_64/Packages/l/libkcapi-1.4.0-2.fc36.x86_64.rpm
2022-10-09T05:26:48+0000 INFO Downloading: http://fedora.mirror.constant.com/fedora/linux/updates/36/Everything/x86_64/Packages/l/libkcapi-hmaccalc-1.4.0-2.fc36.x86_64.rpm
2022-10-09T05:26:48+0000 INFO Downloading: http://fedora.mirror.constant.com/fedora/linux/updates/36/Everything/x86_64/Packages/l/libmount-2.38-1.fc36.x86_64.rpm
2022-10-09T05:26:48+0000 INFO Downloading: http://fedora.mirror.constant.com/fedora/linux/updates/36/Everything/x86_64/Packages/l/librepo-1.14.4-1.fc36.x86_64.rpm
2022-10-09T05:26:48+0000 INFO Downloading: http://fedora.mirror.constant.com/fedora/linux/updates/36/Everything/x86_64/Packages/l/libreport-filesystem-2.17.4-1.fc36.noarch.rpm
2022-10-09T05:26:48+0000 INFO Downloading: http://fedora.mirror.constant.com/fedora/linux/updates/36/Everything/x86_64/Packages/l/libsmartcols-2.38-1.fc36.x86_64.rpm
2022-10-09T05:26:48+0000 INFO Downloading: http://fedora.mirror.constant.com/fedora/linux/updates/36/Everything/x86_64/Packages/l/libsolv-0.7.22-1.fc36.x86_64.rpm
2022-10-09T05:26:48+0000 INFO Downloading: http://fedora.mirror.constant.com/fedora/linux/updates/36/Everything/x86_64/Packages/l/libstdc%2b%2b-12.2.1-2.fc36.x86_64.rpm
2022-10-09T05:26:48+0000 INFO Downloading: http://fedora.mirror.constant.com/fedora/linux/updates/36/Everything/x86_64/Packages/l/libtirpc-1.3.3-0.fc36.x86_64.rpm
2022-10-09T05:26:48+0000 INFO Downloading: http://fedora.mirror.constant.com/fedora/linux/updates/36/Everything/x86_64/Packages/l/libuuid-2.38-1.fc36.x86_64.rpm
2022-10-09T05:26:48+0000 INFO Downloading: http://fedora.mirror.constant.com/fedora/linux/updates/36/Everything/x86_64/Packages/l/libxml2-2.9.14-1.fc36.x86_64.rpm
2022-10-09T05:26:48+0000 INFO Downloading: http://fedora.mirror.constant.com/fedora/linux/updates/36/Everything/x86_64/Packages/l/libzstd-1.5.2-2.fc36.x86_64.rpm
2022-10-09T05:26:48+0000 INFO Downloading: http://fedora.mirror.constant.com/fedora/linux/updates/36/Everything/x86_64/Packages/l/lua-libs-5.4.4-3.fc36.x86_64.rpm
2022-10-09T05:26:48+0000 INFO Downloading: http://fedora.mirror.constant.com/fedora/linux/updates/36/Everything/x86_64/Packages/m/mkpasswd-5.5.13-1.fc36.x86_64.rpm
2022-10-09T05:26:48+0000 INFO Downloading: http://fedora.mirror.constant.com/fedora/linux/updates/36/Everything/x86_64/Packages/m/mozjs91-91.13.0-1.fc36.x86_64.rpm
2022-10-09T05:26:49+0000 INFO Downloading: http://fedora.mirror.constant.com/fedora/linux/updates/36/Everything/x86_64/Packages/n/nettle-3.8-1.fc36.x86_64.rpm
2022-10-09T05:26:49+0000 INFO Downloading: http://fedora.mirror.constant.com/fedora/linux/updates/36/Everything/x86_64/Packages/o/openldap-2.6.3-1.fc36.x86_64.rpm
2022-10-09T05:26:49+0000 INFO Downloading: http://fedora.mirror.constant.com/fedora/linux/updates/36/Everything/x86_64/Packages/o/openssl-libs-3.0.5-1.fc36.x86_64.rpm
2022-10-09T05:26:49+0000 INFO Downloading: http://fedora.mirror.constant.com/fedora/linux/updates/36/Everything/x86_64/Packages/o/openssl-pkcs11-0.4.12-2.fc36.x86_64.rpm
2022-10-09T05:26:49+0000 INFO Downloading: http://fedora.mirror.constant.com/fedora/linux/updates/36/Everything/x86_64/Packages/p/pam-1.5.2-13.fc36.x86_64.rpm
2022-10-09T05:26:49+0000 INFO Downloading: http://fedora.mirror.constant.com/fedora/linux/updates/36/Everything/x86_64/Packages/p/pam-libs-1.5.2-13.fc36.x86_64.rpm
2022-10-09T05:26:49+0000 INFO Downloading: http://fedora.mirror.constant.com/fedora/linux/updates/36/Everything/x86_64/Packages/p/pcre2-10.40-1.fc36.x86_64.rpm
2022-10-09T05:26:49+0000 INFO Downloading: http://fedora.mirror.constant.com/fedora/linux/updates/36/Everything/x86_64/Packages/p/pcre2-syntax-10.40-1.fc36.noarch.rpm
2022-10-09T05:26:49+0000 INFO Downloading: http://fedora.mirror.constant.com/fedora/linux/updates/36/Everything/x86_64/Packages/p/pcsc-lite-1.9.8-1.fc36.x86_64.rpm
2022-10-09T05:26:49+0000 INFO Downloading: http://fedora.mirror.constant.com/fedora/linux/updates/36/Everything/x86_64/Packages/p/pcsc-lite-libs-1.9.8-1.fc36.x86_64.rpm
2022-10-09T05:26:49+0000 INFO Downloading: http://fedora.mirror.constant.com/fedora/linux/updates/36/Everything/x86_64/Packages/p/pigz-2.7-1.fc36.x86_64.rpm
2022-10-09T05:26:49+0000 INFO Downloading: http://fedora.mirror.constant.com/fedora/linux/updates/36/Everything/x86_64/Packages/p/protobuf-c-1.4.1-2.fc36.x86_64.rpm
2022-10-09T05:26:49+0000 INFO Downloading: http://fedora.mirror.constant.com/fedora/linux/updates/36/Everything/x86_64/Packages/p/python-pip-wheel-21.3.1-3.fc36.noarch.rpm
2022-10-09T05:26:49+0000 INFO Downloading: http://fedora.mirror.constant.com/fedora/linux/updates/36/Everything/x86_64/Packages/p/python-unversioned-command-3.10.7-1.fc36.noarch.rpm
2022-10-09T05:26:50+0000 INFO Downloading: http://fedora.mirror.constant.com/fedora/linux/updates/36/Everything/x86_64/Packages/p/python3-3.10.7-1.fc36.x86_64.rpm
2022-10-09T05:26:50+0000 INFO Downloading: http://fedora.mirror.constant.com/fedora/linux/updates/36/Everything/x86_64/Packages/p/python3-dnf-4.14.0-1.fc36.noarch.rpm
2022-10-09T05:26:50+0000 INFO Downloading: http://fedora.mirror.constant.com/fedora/linux/updates/36/Everything/x86_64/Packages/p/python3-gpg-1.17.0-4.fc36.x86_64.rpm
2022-10-09T05:26:50+0000 INFO Downloading: http://fedora.mirror.constant.com/fedora/linux/updates/36/Everything/x86_64/Packages/p/python3-hawkey-0.68.0-1.fc36.x86_64.rpm
2022-10-09T05:26:50+0000 INFO Downloading: http://fedora.mirror.constant.com/fedora/linux/updates/36/Everything/x86_64/Packages/p/python3-libdnf-0.68.0-1.fc36.x86_64.rpm
2022-10-09T05:26:50+0000 INFO Downloading: http://fedora.mirror.constant.com/fedora/linux/updates/36/Everything/x86_64/Packages/p/python3-libs-3.10.7-1.fc36.x86_64.rpm
2022-10-09T05:26:50+0000 INFO Downloading: http://fedora.mirror.constant.com/fedora/linux/updates/36/Everything/x86_64/Packages/p/python3-rpm-4.17.1-3.fc36.x86_64.rpm
2022-10-09T05:26:50+0000 INFO Downloading: http://fedora.mirror.constant.com/fedora/linux/updates/36/Everything/x86_64/Packages/p/python3-unbound-1.16.3-1.fc36.x86_64.rpm
2022-10-09T05:26:50+0000 INFO Downloading: http://fedora.mirror.constant.com/fedora/linux/updates/36/Everything/x86_64/Packages/r/rpm-4.17.1-3.fc36.x86_64.rpm
2022-10-09T05:26:50+0000 INFO Downloading: http://fedora.mirror.constant.com/fedora/linux/updates/36/Everything/x86_64/Packages/r/rpm-build-libs-4.17.1-3.fc36.x86_64.rpm
2022-10-09T05:26:50+0000 INFO Downloading: http://fedora.mirror.constant.com/fedora/linux/updates/36/Everything/x86_64/Packages/r/rpm-libs-4.17.1-3.fc36.x86_64.rpm
2022-10-09T05:26:50+0000 INFO Downloading: http://fedora.mirror.constant.com/fedora/linux/updates/36/Everything/x86_64/Packages/r/rpm-plugin-systemd-inhibit-4.17.1-3.fc36.x86_64.rpm
2022-10-09T05:26:51+0000 INFO Downloading: http://fedora.mirror.constant.com/fedora/linux/updates/36/Everything/x86_64/Packages/r/rpm-sign-libs-4.17.1-3.fc36.x86_64.rpm
2022-10-09T05:26:51+0000 INFO Downloading: http://fedora.mirror.constant.com/fedora/linux/updates/36/Everything/x86_64/Packages/s/setup-2.14.1-1.fc36.noarch.rpm
2022-10-09T05:26:51+0000 INFO Downloading: http://fedora.mirror.constant.com/fedora/linux/updates/36/Everything/x86_64/Packages/s/shadow-utils-4.11.1-4.fc36.x86_64.rpm
2022-10-09T05:26:51+0000 INFO Downloading: http://fedora.mirror.constant.com/fedora/linux/updates/36/Everything/x86_64/Packages/s/systemd-250.8-1.fc36.x86_64.rpm
2022-10-09T05:26:51+0000 INFO Downloading: http://fedora.mirror.constant.com/fedora/linux/updates/36/Everything/x86_64/Packages/s/systemd-libs-250.8-1.fc36.x86_64.rpm
2022-10-09T05:26:51+0000 INFO Downloading: http://fedora.mirror.constant.com/fedora/linux/updates/36/Everything/x86_64/Packages/s/systemd-networkd-250.8-1.fc36.x86_64.rpm
2022-10-09T05:26:51+0000 INFO Downloading: http://fedora.mirror.constant.com/fedora/linux/updates/36/Everything/x86_64/Packages/s/systemd-pam-250.8-1.fc36.x86_64.rpm
2022-10-09T05:26:51+0000 INFO Downloading: http://fedora.mirror.constant.com/fedora/linux/updates/36/Everything/x86_64/Packages/s/systemd-resolved-250.8-1.fc36.x86_64.rpm
2022-10-09T05:26:51+0000 INFO Downloading: http://fedora.mirror.constant.com/fedora/linux/updates/36/Everything/x86_64/Packages/s/systemd-udev-250.8-1.fc36.x86_64.rpm
2022-10-09T05:26:51+0000 INFO Downloading: http://fedora.mirror.constant.com/fedora/linux/updates/36/Everything/x86_64/Packages/t/tpm2-tss-3.2.0-3.fc36.x86_64.rpm
2022-10-09T05:26:51+0000 INFO Downloading: http://fedora.mirror.constant.com/fedora/linux/updates/36/Everything/x86_64/Packages/t/tzdata-2022d-1.fc36.noarch.rpm
2022-10-09T05:26:51+0000 INFO Downloading: http://fedora.mirror.constant.com/fedora/linux/updates/36/Everything/x86_64/Packages/u/unbound-anchor-1.16.3-1.fc36.x86_64.rpm
2022-10-09T05:26:51+0000 INFO Downloading: http://fedora.mirror.constant.com/fedora/linux/updates/36/Everything/x86_64/Packages/u/unbound-libs-1.16.3-1.fc36.x86_64.rpm
2022-10-09T05:26:51+0000 INFO Downloading: http://fedora.mirror.constant.com/fedora/linux/updates/36/Everything/x86_64/Packages/u/util-linux-2.38-1.fc36.x86_64.rpm
2022-10-09T05:26:51+0000 INFO Downloading: http://fedora.mirror.constant.com/fedora/linux/updates/36/Everything/x86_64/Packages/u/util-linux-core-2.38-1.fc36.x86_64.rpm
2022-10-09T05:26:51+0000 INFO Downloading: http://fedora.mirror.constant.com/fedora/linux/updates/36/Everything/x86_64/Packages/v/vim-data-9.0.475-1.fc36.noarch.rpm
2022-10-09T05:26:52+0000 INFO Downloading: http://fedora.mirror.constant.com/fedora/linux/updates/36/Everything/x86_64/Packages/v/vim-minimal-9.0.475-1.fc36.x86_64.rpm
2022-10-09T05:26:52+0000 INFO Downloading: http://fedora.mirror.constant.com/fedora/linux/updates/36/Everything/x86_64/Packages/w/whois-nls-5.5.13-1.fc36.noarch.rpm
2022-10-09T05:26:52+0000 INFO Downloading: http://fedora.mirror.constant.com/fedora/linux/updates/36/Everything/x86_64/Packages/z/zchunk-libs-1.2.3-1.fc36.x86_64.rpm
2022-10-09T05:26:52+0000 INFO Downloading: http://fedora.mirror.constant.com/fedora/linux/updates/36/Everything/x86_64/Packages/z/zlib-1.2.11-33.fc36.x86_64.rpm
2022-10-09T05:26:52+0000 INFO Downloading: file:///etc/pki/rpm-gpg/RPM-GPG-KEY-fedora-36-x86_64
